<?xml version="1.0" encoding="UTF-8"?>
<!-- Generated by org.testng.reporters.JUnitReportReporter -->
<testsuite hostname="DSPLLT023" failures="0" tests="3" name="test.com.hi.Demo" time="0.010" errors="0" timestamp="2023-01-28T20:44:41 IST" skipped="0">
  <testcase classname="test.com.hi.Demo" name="demo1" time="0.008"/>
  <system-out/>
  <testcase classname="test.com.hi.Demo" name="login1" time="0.001"/>
  <system-out/>
  <testcase classname="test.com.hi.Demo" name="login2" time="0.001"/>
  <system-out/>
</testsuite> <!-- test.com.hi.Demo -->
