<?xml version="1.0" encoding="UTF-8"?>
<!-- Generated by org.testng.reporters.JUnitReportReporter -->
<testsuite hostname="DSPLLT023" failures="0" tests="1" name="test.com.hi.demo1" time="0.001" errors="0" timestamp="2023-01-27T20:34:15 IST" skipped="0">
  <testcase classname="test.com.hi.demo1" name="demo3" time="0.001"/>
  <system-out/>
</testsuite> <!-- test.com.hi.demo1 -->
