<?xml version="1.0" encoding="UTF-8"?>
<!-- Generated by org.testng.reporters.JUnitReportReporter -->
<testsuite hostname="DSPLLT023" failures="0" tests="2" name="test.com.hi.Demo3" time="0.005" errors="0" timestamp="2023-01-28T20:44:41 IST" skipped="0">
  <testcase classname="test.com.hi.Demo3" name="f" time="0.002"/>
  <system-out/>
  <testcase classname="test.com.hi.Demo3" name="g" time="0.003"/>
  <system-out/>
</testsuite> <!-- test.com.hi.Demo3 -->
